2021-01-11 17:22:29,437 django.utils.autoreload 617 INFO     Watching for file changes with StatReloader
2021-01-11 17:22:47,274 django_python3_ldap.ldap 181 INFO     LDAP connect succeeded
2021-01-11 17:22:47,274 django_python3_ldap.ldap 181 INFO     LDAP connect succeeded
2021-01-11 17:22:47,372 django_python3_ldap.ldap 76 INFO     LDAP user lookup succeeded
2021-01-11 17:22:47,372 django_python3_ldap.ldap 76 INFO     LDAP user lookup succeeded
2021-01-11 17:25:29,417 django.utils.autoreload 240 INFO     D:\PythonProject\Django_rapid_program\recruitment\interview\admin.py changed, reloading.
2021-01-11 17:25:30,379 django.utils.autoreload 617 INFO     Watching for file changes with StatReloader
2021-01-11 17:25:51,730 django.utils.autoreload 240 INFO     D:\PythonProject\Django_rapid_program\recruitment\interview\admin.py changed, reloading.
2021-01-11 17:25:52,760 django.utils.autoreload 617 INFO     Watching for file changes with StatReloader
2021-01-11 17:26:50,100 django.utils.autoreload 240 INFO     D:\PythonProject\Django_rapid_program\recruitment\interview\admin.py changed, reloading.
2021-01-11 17:26:51,042 django.utils.autoreload 617 INFO     Watching for file changes with StatReloader
2021-01-11 17:27:14,519 django.utils.autoreload 240 INFO     D:\PythonProject\Django_rapid_program\recruitment\interview\admin.py changed, reloading.
2021-01-11 17:27:15,498 django.utils.autoreload 617 INFO     Watching for file changes with StatReloader
2021-01-11 17:32:34,885 interview.admin 49 INFO     admin exported 5 candidate records
2021-01-11 17:39:05,838 django.utils.autoreload 240 INFO     D:\PythonProject\Django_rapid_program\recruitment\manage.py changed, reloading.
2021-01-11 17:39:53,878 django.utils.autoreload 617 INFO     Watching for file changes with StatReloader
2021-01-11 17:40:46,910 django.utils.autoreload 240 INFO     D:\PythonProject\Django_rapid_program\recruitment\settings\base.py changed, reloading.
2021-01-11 17:40:47,783 django.utils.autoreload 617 INFO     Watching for file changes with StatReloader
2021-01-11 17:40:57,515 django.utils.autoreload 240 INFO     D:\PythonProject\Django_rapid_program\recruitment\settings\base.py changed, reloading.
2021-01-11 17:40:58,508 django.utils.autoreload 617 INFO     Watching for file changes with StatReloader
2021-01-11 17:49:42,600 django.utils.autoreload 617 INFO     Watching for file changes with StatReloader
2021-01-11 17:49:45,985 django.request 230 WARNING  Not Found: /
2021-01-11 17:50:01,305 django.security.SuspiciousSession 131 WARNING  Session data corrupted
2021-01-11 17:50:01,344 django.security.SuspiciousSession 131 WARNING  Session data corrupted
2021-01-11 17:50:04,643 django.security.SuspiciousSession 131 WARNING  Session data corrupted
2021-01-11 17:50:04,645 django_python3_ldap.ldap 184 WARNING  LDAP bind failed: invalid server address
2021-01-11 17:50:04,645 django_python3_ldap.ldap 184 WARNING  LDAP bind failed: invalid server address
2021-01-11 17:51:17,914 django.utils.autoreload 240 INFO     D:\PythonProject\Django_rapid_program\recruitment\manage.py changed, reloading.
2021-01-11 17:51:18,909 django.utils.autoreload 617 INFO     Watching for file changes with StatReloader
2021-01-12 13:11:42,190 django.utils.autoreload 617 INFO     Watching for file changes with StatReloader
2021-01-12 13:11:51,242 django.request 230 WARNING  Not Found: /
2021-01-12 13:11:51,499 django.request 230 WARNING  Not Found: /favicon.ico
2021-01-12 13:14:57,845 django.utils.autoreload 240 INFO     D:\PythonProject\Django_rapid_program\recruitment\interview\models.py changed, reloading.
2021-01-12 13:14:59,039 django.utils.autoreload 617 INFO     Watching for file changes with StatReloader
2021-01-12 13:16:32,221 django.utils.autoreload 240 INFO     D:\PythonProject\Django_rapid_program\recruitment\interview\models.py changed, reloading.
2021-01-12 13:16:33,504 django.utils.autoreload 617 INFO     Watching for file changes with StatReloader
2021-01-12 13:16:42,161 django.utils.autoreload 240 INFO     D:\PythonProject\Django_rapid_program\recruitment\interview\models.py changed, reloading.
2021-01-12 13:16:43,127 django.utils.autoreload 617 INFO     Watching for file changes with StatReloader
2021-01-12 13:17:46,890 django.utils.autoreload 240 INFO     D:\PythonProject\Django_rapid_program\recruitment\interview\admin.py changed, reloading.
2021-01-12 13:17:47,958 django.utils.autoreload 617 INFO     Watching for file changes with StatReloader
2021-01-12 13:20:14,023 django.utils.autoreload 240 INFO     D:\PythonProject\Django_rapid_program\recruitment\interview\models.py changed, reloading.
2021-01-12 13:20:14,974 django.utils.autoreload 617 INFO     Watching for file changes with StatReloader
2021-01-12 13:21:29,259 django.utils.autoreload 240 INFO     D:\PythonProject\Django_rapid_program\recruitment\interview\models.py changed, reloading.
2021-01-12 13:21:30,148 django.utils.autoreload 617 INFO     Watching for file changes with StatReloader
2021-01-12 13:22:07,230 django.utils.autoreload 240 INFO     D:\PythonProject\Django_rapid_program\recruitment\interview\models.py changed, reloading.
2021-01-12 13:22:08,147 django.utils.autoreload 617 INFO     Watching for file changes with StatReloader
2021-01-12 13:22:40,953 django.utils.autoreload 240 INFO     D:\PythonProject\Django_rapid_program\recruitment\interview\models.py changed, reloading.
2021-01-12 13:22:41,894 django.utils.autoreload 617 INFO     Watching for file changes with StatReloader
2021-01-12 13:23:29,543 django.utils.autoreload 240 INFO     D:\PythonProject\Django_rapid_program\recruitment\interview\models.py changed, reloading.
2021-01-12 13:23:30,458 django.utils.autoreload 617 INFO     Watching for file changes with StatReloader
2021-01-12 13:26:50,523 django.utils.autoreload 240 INFO     D:\PythonProject\Django_rapid_program\recruitment\interview\admin.py changed, reloading.
2021-01-12 13:26:51,751 django.utils.autoreload 617 INFO     Watching for file changes with StatReloader
2021-01-12 13:28:23,500 django.utils.autoreload 240 INFO     D:\PythonProject\Django_rapid_program\recruitment\interview\admin.py changed, reloading.
2021-01-12 13:28:24,409 django.utils.autoreload 617 INFO     Watching for file changes with StatReloader
2021-01-12 13:29:10,873 django.request 230 WARNING  Not Found: /favicon.ico
2021-01-12 13:32:01,292 django.utils.autoreload 240 INFO     D:\PythonProject\Django_rapid_program\recruitment\interview\admin.py changed, reloading.
2021-01-12 13:32:02,276 django.utils.autoreload 617 INFO     Watching for file changes with StatReloader
2021-01-12 13:35:04,196 django.utils.autoreload 240 INFO     D:\PythonProject\Django_rapid_program\recruitment\interview\admin.py changed, reloading.
2021-01-12 13:35:05,284 django.utils.autoreload 617 INFO     Watching for file changes with StatReloader
2021-01-12 13:35:20,409 django.utils.autoreload 240 INFO     D:\PythonProject\Django_rapid_program\recruitment\interview\admin.py changed, reloading.
2021-01-12 13:35:21,388 django.utils.autoreload 617 INFO     Watching for file changes with StatReloader
2021-01-12 13:36:23,208 django.utils.autoreload 240 INFO     D:\PythonProject\Django_rapid_program\recruitment\interview\admin.py changed, reloading.
2021-01-12 13:36:24,149 django.utils.autoreload 617 INFO     Watching for file changes with StatReloader
2021-01-12 13:36:34,838 django.utils.autoreload 240 INFO     D:\PythonProject\Django_rapid_program\recruitment\interview\admin.py changed, reloading.
2021-01-12 13:36:35,742 django.utils.autoreload 617 INFO     Watching for file changes with StatReloader
2021-01-12 13:36:38,059 django.utils.autoreload 240 INFO     D:\PythonProject\Django_rapid_program\recruitment\interview\admin.py changed, reloading.
2021-01-12 13:36:39,105 django.utils.autoreload 617 INFO     Watching for file changes with StatReloader
2021-01-12 13:38:53,326 django.utils.autoreload 240 INFO     D:\PythonProject\Django_rapid_program\recruitment\interview\admin.py changed, reloading.
2021-01-12 13:38:54,173 django.utils.autoreload 617 INFO     Watching for file changes with StatReloader
2021-01-12 13:40:10,501 django.utils.autoreload 240 INFO     D:\PythonProject\Django_rapid_program\recruitment\interview\admin.py changed, reloading.
2021-01-12 13:40:11,396 django.utils.autoreload 617 INFO     Watching for file changes with StatReloader
2021-01-12 13:40:59,816 django.utils.autoreload 240 INFO     D:\PythonProject\Django_rapid_program\recruitment\interview\admin.py changed, reloading.
2021-01-12 13:41:01,090 django.utils.autoreload 617 INFO     Watching for file changes with StatReloader
2021-01-12 13:41:26,703 django.utils.autoreload 240 INFO     D:\PythonProject\Django_rapid_program\recruitment\interview\admin.py changed, reloading.
2021-01-12 13:41:27,707 django.utils.autoreload 617 INFO     Watching for file changes with StatReloader
2021-01-12 13:41:55,952 django_python3_ldap.ldap 184 WARNING  LDAP bind failed: invalid server address
2021-01-12 13:41:55,952 django_python3_ldap.ldap 184 WARNING  LDAP bind failed: invalid server address
2021-01-12 13:42:02,710 django_python3_ldap.ldap 184 WARNING  LDAP bind failed: invalid server address
2021-01-12 13:42:02,710 django_python3_ldap.ldap 184 WARNING  LDAP bind failed: invalid server address
2021-01-12 13:42:07,692 django_python3_ldap.ldap 184 WARNING  LDAP bind failed: invalid server address
2021-01-12 13:42:07,692 django_python3_ldap.ldap 184 WARNING  LDAP bind failed: invalid server address
2021-01-12 13:42:20,364 django_python3_ldap.ldap 184 WARNING  LDAP bind failed: invalid server address
2021-01-12 13:42:20,364 django_python3_ldap.ldap 184 WARNING  LDAP bind failed: invalid server address
2021-01-12 13:42:26,384 django_python3_ldap.ldap 184 WARNING  LDAP bind failed: invalid server address
2021-01-12 13:42:26,384 django_python3_ldap.ldap 184 WARNING  LDAP bind failed: invalid server address
2021-01-12 13:42:30,436 django_python3_ldap.ldap 184 WARNING  LDAP bind failed: invalid server address
2021-01-12 13:42:30,436 django_python3_ldap.ldap 184 WARNING  LDAP bind failed: invalid server address
2021-01-12 13:42:35,269 django_python3_ldap.ldap 184 WARNING  LDAP bind failed: invalid server address
2021-01-12 13:42:35,269 django_python3_ldap.ldap 184 WARNING  LDAP bind failed: invalid server address
2021-01-12 13:42:47,219 django_python3_ldap.ldap 184 WARNING  LDAP bind failed: invalid server address
2021-01-12 13:42:47,219 django_python3_ldap.ldap 184 WARNING  LDAP bind failed: invalid server address
2021-01-12 13:42:50,764 django.request 230 WARNING  Not Found: /
2021-01-12 13:43:13,040 django_python3_ldap.ldap 184 WARNING  LDAP bind failed: invalid server address
2021-01-12 13:43:13,040 django_python3_ldap.ldap 184 WARNING  LDAP bind failed: invalid server address
2021-01-12 13:43:17,350 django_python3_ldap.ldap 184 WARNING  LDAP bind failed: invalid server address
2021-01-12 13:43:17,350 django_python3_ldap.ldap 184 WARNING  LDAP bind failed: invalid server address
2021-01-12 13:43:20,192 django_python3_ldap.ldap 184 WARNING  LDAP bind failed: invalid server address
2021-01-12 13:43:20,192 django_python3_ldap.ldap 184 WARNING  LDAP bind failed: invalid server address
2021-01-12 13:43:56,385 django_python3_ldap.ldap 184 WARNING  LDAP bind failed: invalid server address
2021-01-12 13:43:56,385 django_python3_ldap.ldap 184 WARNING  LDAP bind failed: invalid server address
2021-01-12 13:44:14,525 django.utils.autoreload 240 INFO     D:\PythonProject\Django_rapid_program\recruitment\settings\local.py changed, reloading.
2021-01-12 13:44:15,479 django.utils.autoreload 617 INFO     Watching for file changes with StatReloader
2021-01-12 13:44:18,342 django_python3_ldap.ldap 181 INFO     LDAP connect succeeded
2021-01-12 13:44:18,342 django_python3_ldap.ldap 181 INFO     LDAP connect succeeded
2021-01-12 13:44:18,453 django_python3_ldap.ldap 76 INFO     LDAP user lookup succeeded
2021-01-12 13:44:18,453 django_python3_ldap.ldap 76 INFO     LDAP user lookup succeeded
2021-01-12 13:44:21,881 interview.admin 90 INFO     interviewer is in user's group for Tom
2021-01-12 13:44:21,885 interview.admin 90 INFO     interviewer is in user's group for Tom
2021-01-12 13:55:42,733 django.utils.autoreload 240 INFO     D:\PythonProject\Django_rapid_program\recruitment\interview\admin.py changed, reloading.
2021-01-12 13:55:43,609 django.utils.autoreload 617 INFO     Watching for file changes with StatReloader
2021-01-12 13:56:17,830 django.utils.autoreload 240 INFO     D:\PythonProject\Django_rapid_program\recruitment\interview\admin.py changed, reloading.
2021-01-12 13:56:18,714 django.utils.autoreload 617 INFO     Watching for file changes with StatReloader
2021-01-12 13:56:55,619 django.utils.autoreload 240 INFO     D:\PythonProject\Django_rapid_program\recruitment\interview\admin.py changed, reloading.
2021-01-12 13:56:56,763 django.utils.autoreload 617 INFO     Watching for file changes with StatReloader
2021-01-12 13:57:10,762 django.utils.autoreload 240 INFO     D:\PythonProject\Django_rapid_program\recruitment\interview\admin.py changed, reloading.
2021-01-12 13:57:11,726 django.utils.autoreload 617 INFO     Watching for file changes with StatReloader
2021-01-12 13:57:24,646 django.utils.autoreload 240 INFO     D:\PythonProject\Django_rapid_program\recruitment\interview\admin.py changed, reloading.
2021-01-12 13:57:25,888 django.utils.autoreload 617 INFO     Watching for file changes with StatReloader
2021-01-12 13:57:49,379 django.utils.autoreload 240 INFO     D:\PythonProject\Django_rapid_program\recruitment\interview\admin.py changed, reloading.
2021-01-12 13:57:50,369 django.utils.autoreload 617 INFO     Watching for file changes with StatReloader
2021-01-12 13:58:16,840 django.utils.autoreload 240 INFO     D:\PythonProject\Django_rapid_program\recruitment\interview\admin.py changed, reloading.
2021-01-12 13:58:17,767 django.utils.autoreload 617 INFO     Watching for file changes with StatReloader
2021-01-12 13:58:34,379 django_python3_ldap.ldap 181 INFO     LDAP connect succeeded
2021-01-12 13:58:34,379 django_python3_ldap.ldap 181 INFO     LDAP connect succeeded
2021-01-12 13:58:34,488 django_python3_ldap.ldap 76 INFO     LDAP user lookup succeeded
2021-01-12 13:58:34,488 django_python3_ldap.ldap 76 INFO     LDAP user lookup succeeded
2021-01-12 13:59:03,103 django_python3_ldap.ldap 181 INFO     LDAP connect succeeded
2021-01-12 13:59:03,103 django_python3_ldap.ldap 181 INFO     LDAP connect succeeded
2021-01-12 13:59:03,210 django_python3_ldap.ldap 76 INFO     LDAP user lookup succeeded
2021-01-12 13:59:03,210 django_python3_ldap.ldap 76 INFO     LDAP user lookup succeeded
2021-01-12 13:59:07,557 django_python3_ldap.ldap 184 WARNING  LDAP bind failed: LDAPInvalidCredentialsResult - 49 - invalidCredentials - None - None - bindResponse - None
2021-01-12 13:59:07,557 django_python3_ldap.ldap 184 WARNING  LDAP bind failed: LDAPInvalidCredentialsResult - 49 - invalidCredentials - None - None - bindResponse - None
2021-01-12 13:59:12,551 django_python3_ldap.ldap 181 INFO     LDAP connect succeeded
2021-01-12 13:59:12,551 django_python3_ldap.ldap 181 INFO     LDAP connect succeeded
2021-01-12 13:59:12,654 django_python3_ldap.ldap 76 INFO     LDAP user lookup succeeded
2021-01-12 13:59:12,654 django_python3_ldap.ldap 76 INFO     LDAP user lookup succeeded
2021-01-12 13:59:43,718 django_python3_ldap.ldap 181 INFO     LDAP connect succeeded
2021-01-12 13:59:43,718 django_python3_ldap.ldap 181 INFO     LDAP connect succeeded
2021-01-12 13:59:43,800 django_python3_ldap.ldap 76 INFO     LDAP user lookup succeeded
2021-01-12 13:59:43,800 django_python3_ldap.ldap 76 INFO     LDAP user lookup succeeded
2021-01-12 14:00:04,373 django_python3_ldap.ldap 184 WARNING  LDAP bind failed: LDAPInvalidCredentialsResult - 49 - invalidCredentials - None - None - bindResponse - None
2021-01-12 14:00:04,373 django_python3_ldap.ldap 184 WARNING  LDAP bind failed: LDAPInvalidCredentialsResult - 49 - invalidCredentials - None - None - bindResponse - None
2021-01-12 14:01:01,482 django_python3_ldap.ldap 181 INFO     LDAP connect succeeded
2021-01-12 14:01:01,482 django_python3_ldap.ldap 181 INFO     LDAP connect succeeded
2021-01-12 14:01:01,590 django_python3_ldap.ldap 76 INFO     LDAP user lookup succeeded
2021-01-12 14:01:01,590 django_python3_ldap.ldap 76 INFO     LDAP user lookup succeeded
2021-01-12 14:02:16,650 django_python3_ldap.ldap 181 INFO     LDAP connect succeeded
2021-01-12 14:02:16,650 django_python3_ldap.ldap 181 INFO     LDAP connect succeeded
2021-01-12 14:02:16,769 django_python3_ldap.ldap 76 INFO     LDAP user lookup succeeded
2021-01-12 14:02:16,769 django_python3_ldap.ldap 76 INFO     LDAP user lookup succeeded
2021-01-12 14:04:48,953 django.utils.autoreload 240 INFO     D:\PythonProject\Django_rapid_program\recruitment\interview\admin.py changed, reloading.
2021-01-12 14:04:49,873 django.utils.autoreload 617 INFO     Watching for file changes with StatReloader
2021-01-12 14:05:40,311 django.utils.autoreload 240 INFO     D:\PythonProject\Django_rapid_program\recruitment\interview\admin.py changed, reloading.
2021-01-12 14:05:41,229 django.utils.autoreload 617 INFO     Watching for file changes with StatReloader
2021-01-12 14:06:33,323 django.utils.autoreload 240 INFO     D:\PythonProject\Django_rapid_program\recruitment\interview\admin.py changed, reloading.
2021-01-12 14:06:34,245 django.utils.autoreload 617 INFO     Watching for file changes with StatReloader
2021-01-12 14:06:44,044 django.utils.autoreload 240 INFO     D:\PythonProject\Django_rapid_program\recruitment\interview\admin.py changed, reloading.
2021-01-12 14:06:44,925 django.utils.autoreload 617 INFO     Watching for file changes with StatReloader
2021-01-12 14:07:15,821 django.utils.autoreload 240 INFO     D:\PythonProject\Django_rapid_program\recruitment\interview\admin.py changed, reloading.
2021-01-12 14:07:16,738 django.utils.autoreload 617 INFO     Watching for file changes with StatReloader
2021-01-12 14:07:30,492 django_python3_ldap.ldap 181 INFO     LDAP connect succeeded
2021-01-12 14:07:30,492 django_python3_ldap.ldap 181 INFO     LDAP connect succeeded
2021-01-12 14:07:30,608 django_python3_ldap.ldap 76 INFO     LDAP user lookup succeeded
2021-01-12 14:07:30,608 django_python3_ldap.ldap 76 INFO     LDAP user lookup succeeded
2021-01-12 14:07:54,976 django_python3_ldap.ldap 181 INFO     LDAP connect succeeded
2021-01-12 14:07:54,976 django_python3_ldap.ldap 181 INFO     LDAP connect succeeded
2021-01-12 14:07:55,086 django_python3_ldap.ldap 76 INFO     LDAP user lookup succeeded
2021-01-12 14:07:55,086 django_python3_ldap.ldap 76 INFO     LDAP user lookup succeeded
2021-01-12 14:08:22,598 django.utils.autoreload 240 INFO     D:\PythonProject\Django_rapid_program\recruitment\interview\admin.py changed, reloading.
2021-01-12 14:08:23,824 django.utils.autoreload 617 INFO     Watching for file changes with StatReloader
2021-01-12 14:09:30,938 django_python3_ldap.ldap 181 INFO     LDAP connect succeeded
2021-01-12 14:09:30,938 django_python3_ldap.ldap 181 INFO     LDAP connect succeeded
2021-01-12 14:09:31,044 django_python3_ldap.ldap 76 INFO     LDAP user lookup succeeded
2021-01-12 14:09:31,044 django_python3_ldap.ldap 76 INFO     LDAP user lookup succeeded
2021-01-12 14:09:41,659 django.utils.autoreload 240 INFO     D:\PythonProject\Django_rapid_program\recruitment\interview\admin.py changed, reloading.
2021-01-12 14:09:42,774 django.utils.autoreload 617 INFO     Watching for file changes with StatReloader
2021-01-12 14:12:40,470 django.utils.autoreload 240 INFO     D:\PythonProject\Django_rapid_program\recruitment\interview\admin.py changed, reloading.
2021-01-12 14:12:41,383 django.utils.autoreload 617 INFO     Watching for file changes with StatReloader
2021-01-12 14:13:21,732 django.utils.autoreload 240 INFO     D:\PythonProject\Django_rapid_program\recruitment\interview\models.py changed, reloading.
2021-01-12 14:13:22,880 django.utils.autoreload 617 INFO     Watching for file changes with StatReloader
2021-01-12 14:13:29,398 django.utils.autoreload 240 INFO     D:\PythonProject\Django_rapid_program\recruitment\interview\models.py changed, reloading.
2021-01-12 14:13:30,325 django.utils.autoreload 617 INFO     Watching for file changes with StatReloader
2021-01-12 14:13:48,498 django.utils.autoreload 240 INFO     D:\PythonProject\Django_rapid_program\recruitment\interview\models.py changed, reloading.
2021-01-12 14:13:49,454 django.utils.autoreload 617 INFO     Watching for file changes with StatReloader
2021-01-12 14:19:34,958 django.utils.autoreload 240 INFO     D:\PythonProject\Django_rapid_program\recruitment\settings\base.py changed, reloading.
2021-01-12 14:19:35,860 django.utils.autoreload 617 INFO     Watching for file changes with StatReloader
2021-01-12 14:33:03,908 django.utils.autoreload 240 INFO     D:\PythonProject\Django_rapid_program\recruitment\recruitment\urls.py changed, reloading.
2021-01-12 14:33:04,781 django.utils.autoreload 617 INFO     Watching for file changes with StatReloader
2021-01-12 14:33:13,922 django.request 230 WARNING  Not Found: /grappelli
2021-01-12 14:44:29,593 django.utils.autoreload 240 INFO     D:\PythonProject\Django_rapid_program\recruitment\interview\admin.py changed, reloading.
2021-01-12 14:44:30,640 django.utils.autoreload 617 INFO     Watching for file changes with StatReloader
2021-01-12 14:47:47,597 django.utils.autoreload 240 INFO     D:\PythonProject\Django_rapid_program\recruitment\interview\admin.py changed, reloading.
2021-01-12 14:47:48,429 django.utils.autoreload 617 INFO     Watching for file changes with StatReloader
2021-01-12 14:55:15,397 django.utils.autoreload 240 INFO     D:\PythonProject\Django_rapid_program\recruitment\interview\admin.py changed, reloading.
2021-01-12 14:55:16,437 django.utils.autoreload 617 INFO     Watching for file changes with StatReloader
2021-01-12 14:56:21,578 django.utils.autoreload 240 INFO     D:\PythonProject\Django_rapid_program\recruitment\interview\admin.py changed, reloading.
2021-01-12 14:56:22,841 django.utils.autoreload 617 INFO     Watching for file changes with StatReloader
2021-01-12 15:02:45,163 django.utils.autoreload 240 INFO     D:\PythonProject\Django_rapid_program\recruitment\interview\admin.py changed, reloading.
2021-01-12 15:02:46,067 django.utils.autoreload 617 INFO     Watching for file changes with StatReloader
2021-01-12 15:02:55,886 django.utils.autoreload 240 INFO     D:\PythonProject\Django_rapid_program\recruitment\interview\admin.py changed, reloading.
2021-01-12 15:02:56,834 django.utils.autoreload 617 INFO     Watching for file changes with StatReloader
2021-01-12 15:03:35,725 django_python3_ldap.ldap 181 INFO     LDAP connect succeeded
2021-01-12 15:03:35,725 django_python3_ldap.ldap 181 INFO     LDAP connect succeeded
2021-01-12 15:03:35,828 django_python3_ldap.ldap 76 INFO     LDAP user lookup succeeded
2021-01-12 15:03:35,828 django_python3_ldap.ldap 76 INFO     LDAP user lookup succeeded
2021-01-12 15:04:36,736 django_python3_ldap.ldap 181 INFO     LDAP connect succeeded
2021-01-12 15:04:36,736 django_python3_ldap.ldap 181 INFO     LDAP connect succeeded
2021-01-12 15:04:36,851 django_python3_ldap.ldap 76 INFO     LDAP user lookup succeeded
2021-01-12 15:04:36,851 django_python3_ldap.ldap 76 INFO     LDAP user lookup succeeded
2021-01-12 15:04:40,807 interview.admin 123 INFO     interviewer is in user's group for sqw
2021-01-12 15:04:40,809 interview.admin 123 INFO     interviewer is in user's group for sqw
2021-01-12 15:04:51,053 django_python3_ldap.ldap 181 INFO     LDAP connect succeeded
2021-01-12 15:04:51,053 django_python3_ldap.ldap 181 INFO     LDAP connect succeeded
2021-01-12 15:04:51,151 django_python3_ldap.ldap 76 INFO     LDAP user lookup succeeded
2021-01-12 15:04:51,151 django_python3_ldap.ldap 76 INFO     LDAP user lookup succeeded
2021-01-12 15:04:53,713 interview.admin 123 INFO     interviewer is in user's group for Tom
2021-01-12 15:04:53,717 interview.admin 123 INFO     interviewer is in user's group for Tom
2021-01-12 15:05:59,345 django.utils.autoreload 240 INFO     D:\PythonProject\Django_rapid_program\recruitment\interview\admin.py changed, reloading.
2021-01-12 15:06:00,408 django.utils.autoreload 617 INFO     Watching for file changes with StatReloader
2021-01-12 15:06:03,195 interview.admin 123 INFO     interviewer is in user's group for Tom
2021-01-12 15:06:03,199 interview.admin 123 INFO     interviewer is in user's group for Tom
2021-01-12 15:06:09,827 interview.admin 123 INFO     interviewer is in user's group for Tom
2021-01-12 15:06:09,830 interview.admin 123 INFO     interviewer is in user's group for Tom
2021-01-12 15:06:46,796 django.utils.autoreload 240 INFO     D:\PythonProject\Django_rapid_program\recruitment\interview\admin.py changed, reloading.
2021-01-12 15:06:47,789 django.utils.autoreload 617 INFO     Watching for file changes with StatReloader
2021-01-12 15:06:50,172 interview.admin 124 INFO     interviewer is in user's group for Tom
2021-01-12 15:06:50,175 interview.admin 124 INFO     interviewer is in user's group for Tom
2021-01-12 15:06:52,713 interview.admin 124 INFO     interviewer is in user's group for Tom
2021-01-12 15:06:52,715 interview.admin 124 INFO     interviewer is in user's group for Tom
2021-01-12 15:07:09,710 django.utils.autoreload 240 INFO     D:\PythonProject\Django_rapid_program\recruitment\interview\admin.py changed, reloading.
2021-01-12 15:07:10,631 django.utils.autoreload 617 INFO     Watching for file changes with StatReloader
2021-01-12 15:07:14,402 interview.admin 124 INFO     interviewer is in user's group for Tom
2021-01-12 15:07:14,404 interview.admin 124 INFO     interviewer is in user's group for Tom
2021-01-12 15:13:07,303 django.utils.autoreload 240 INFO     D:\PythonProject\Django_rapid_program\recruitment\interview\admin.py changed, reloading.
2021-01-12 15:13:08,585 django.utils.autoreload 617 INFO     Watching for file changes with StatReloader
2021-01-12 15:13:31,111 django.utils.autoreload 240 INFO     D:\PythonProject\Django_rapid_program\recruitment\interview\admin.py changed, reloading.
2021-01-12 15:13:32,069 django.utils.autoreload 617 INFO     Watching for file changes with StatReloader
2021-01-12 15:14:31,670 django.utils.autoreload 240 INFO     D:\PythonProject\Django_rapid_program\recruitment\interview\admin.py changed, reloading.
2021-01-12 15:14:32,647 django.utils.autoreload 617 INFO     Watching for file changes with StatReloader
2021-01-12 15:14:50,761 django.utils.autoreload 240 INFO     D:\PythonProject\Django_rapid_program\recruitment\interview\admin.py changed, reloading.
2021-01-12 15:14:51,737 django.utils.autoreload 617 INFO     Watching for file changes with StatReloader
2021-01-12 15:15:15,626 django_python3_ldap.ldap 181 INFO     LDAP connect succeeded
2021-01-12 15:15:15,626 django_python3_ldap.ldap 181 INFO     LDAP connect succeeded
2021-01-12 15:15:15,742 django_python3_ldap.ldap 76 INFO     LDAP user lookup succeeded
2021-01-12 15:15:15,742 django_python3_ldap.ldap 76 INFO     LDAP user lookup succeeded
2021-01-12 15:15:19,367 interview.admin 125 INFO     interviewer is in user's group for sqw
2021-01-12 15:15:19,370 interview.admin 125 INFO     interviewer is in user's group for sqw
2021-01-12 15:19:53,412 django.utils.autoreload 240 INFO     D:\PythonProject\Django_rapid_program\recruitment\interview\admin.py changed, reloading.
2021-01-12 15:19:54,521 django.utils.autoreload 617 INFO     Watching for file changes with StatReloader
2021-01-12 15:20:29,933 django_python3_ldap.ldap 181 INFO     LDAP connect succeeded
2021-01-12 15:20:29,933 django_python3_ldap.ldap 181 INFO     LDAP connect succeeded
2021-01-12 15:20:30,036 django_python3_ldap.ldap 76 INFO     LDAP user lookup succeeded
2021-01-12 15:20:30,036 django_python3_ldap.ldap 76 INFO     LDAP user lookup succeeded
2021-01-12 15:20:46,131 django_python3_ldap.ldap 181 INFO     LDAP connect succeeded
2021-01-12 15:20:46,131 django_python3_ldap.ldap 181 INFO     LDAP connect succeeded
2021-01-12 15:20:46,236 django_python3_ldap.ldap 76 INFO     LDAP user lookup succeeded
2021-01-12 15:20:46,236 django_python3_ldap.ldap 76 INFO     LDAP user lookup succeeded
2021-01-12 15:21:22,877 django.utils.autoreload 240 INFO     D:\PythonProject\Django_rapid_program\recruitment\interview\admin.py changed, reloading.
2021-01-12 15:21:23,827 django.utils.autoreload 617 INFO     Watching for file changes with StatReloader
2021-01-12 15:21:35,435 django_python3_ldap.ldap 181 INFO     LDAP connect succeeded
2021-01-12 15:21:35,435 django_python3_ldap.ldap 181 INFO     LDAP connect succeeded
2021-01-12 15:21:35,537 django_python3_ldap.ldap 76 INFO     LDAP user lookup succeeded
2021-01-12 15:21:35,537 django_python3_ldap.ldap 76 INFO     LDAP user lookup succeeded
2021-01-12 15:21:52,075 interview.admin 140 INFO     interviewer is in user's group for sqw
2021-01-12 15:21:52,077 interview.admin 140 INFO     interviewer is in user's group for sqw
2021-01-12 15:22:05,958 interview.admin 140 INFO     interviewer is in user's group for sqw
2021-01-12 15:24:43,464 django.utils.autoreload 240 INFO     D:\PythonProject\Django_rapid_program\recruitment\interview\admin.py changed, reloading.
2021-01-12 15:24:44,348 django.utils.autoreload 617 INFO     Watching for file changes with StatReloader
2021-01-12 15:26:11,099 django.utils.autoreload 240 INFO     D:\PythonProject\Django_rapid_program\recruitment\interview\models.py changed, reloading.
2021-01-12 15:26:12,070 django.utils.autoreload 617 INFO     Watching for file changes with StatReloader
2021-01-12 15:26:47,283 django.utils.autoreload 240 INFO     D:\PythonProject\Django_rapid_program\recruitment\interview\models.py changed, reloading.
2021-01-12 15:26:48,284 django.utils.autoreload 617 INFO     Watching for file changes with StatReloader
2021-01-12 15:26:49,633 django.utils.autoreload 240 INFO     D:\PythonProject\Django_rapid_program\recruitment\interview\models.py changed, reloading.
2021-01-12 15:26:50,566 django.utils.autoreload 617 INFO     Watching for file changes with StatReloader
2021-01-12 15:27:47,392 django.utils.autoreload 240 INFO     D:\PythonProject\Django_rapid_program\recruitment\interview\admin.py changed, reloading.
2021-01-12 15:27:48,366 django.utils.autoreload 617 INFO     Watching for file changes with StatReloader
2021-01-12 15:28:06,532 django.utils.autoreload 240 INFO     D:\PythonProject\Django_rapid_program\recruitment\interview\admin.py changed, reloading.
2021-01-12 15:28:07,393 django.utils.autoreload 617 INFO     Watching for file changes with StatReloader
2021-01-12 15:32:14,925 django.utils.autoreload 240 INFO     D:\PythonProject\Django_rapid_program\recruitment\interview\admin.py changed, reloading.
2021-01-12 15:32:16,017 django.utils.autoreload 617 INFO     Watching for file changes with StatReloader
2021-01-12 15:33:18,461 django.utils.autoreload 240 INFO     D:\PythonProject\Django_rapid_program\recruitment\interview\admin.py changed, reloading.
2021-01-12 15:33:19,482 django.utils.autoreload 617 INFO     Watching for file changes with StatReloader
2021-01-12 15:33:37,970 django.utils.autoreload 240 INFO     D:\PythonProject\Django_rapid_program\recruitment\interview\admin.py changed, reloading.
2021-01-12 15:33:38,879 django.utils.autoreload 617 INFO     Watching for file changes with StatReloader
2021-01-12 15:35:18,810 django.request 230 WARNING  Not Found: /
2021-01-12 15:35:22,008 django.request 230 WARNING  Not Found: /
2021-01-12 15:35:49,958 django_python3_ldap.ldap 181 INFO     LDAP connect succeeded
2021-01-12 15:35:49,958 django_python3_ldap.ldap 181 INFO     LDAP connect succeeded
2021-01-12 15:35:50,065 django_python3_ldap.ldap 76 INFO     LDAP user lookup succeeded
2021-01-12 15:35:50,065 django_python3_ldap.ldap 76 INFO     LDAP user lookup succeeded
2021-01-12 15:37:29,936 django_python3_ldap.ldap 184 WARNING  LDAP bind failed: LDAPInvalidCredentialsResult - 49 - invalidCredentials - None - None - bindResponse - None
2021-01-12 15:37:29,936 django_python3_ldap.ldap 184 WARNING  LDAP bind failed: LDAPInvalidCredentialsResult - 49 - invalidCredentials - None - None - bindResponse - None
2021-01-12 15:37:35,197 django_python3_ldap.ldap 181 INFO     LDAP connect succeeded
2021-01-12 15:37:35,197 django_python3_ldap.ldap 181 INFO     LDAP connect succeeded
2021-01-12 15:37:35,301 django_python3_ldap.ldap 76 INFO     LDAP user lookup succeeded
2021-01-12 15:37:35,301 django_python3_ldap.ldap 76 INFO     LDAP user lookup succeeded
2021-01-12 15:37:49,904 interview.admin 52 INFO     Kelly exported 5 candidate records
2021-01-12 15:37:59,130 django_python3_ldap.ldap 181 INFO     LDAP connect succeeded
2021-01-12 15:37:59,130 django_python3_ldap.ldap 181 INFO     LDAP connect succeeded
2021-01-12 15:37:59,234 django_python3_ldap.ldap 76 INFO     LDAP user lookup succeeded
2021-01-12 15:37:59,234 django_python3_ldap.ldap 76 INFO     LDAP user lookup succeeded
2021-01-12 15:38:43,731 django.utils.autoreload 240 INFO     D:\PythonProject\Django_rapid_program\recruitment\interview\admin.py changed, reloading.
2021-01-12 15:38:44,712 django.utils.autoreload 617 INFO     Watching for file changes with StatReloader
2021-01-12 15:39:33,529 django.utils.autoreload 240 INFO     D:\PythonProject\Django_rapid_program\recruitment\interview\admin.py changed, reloading.
2021-01-12 15:39:34,565 django.utils.autoreload 617 INFO     Watching for file changes with StatReloader
2021-01-12 15:49:44,417 django.utils.autoreload 240 INFO     D:\PythonProject\Django_rapid_program\recruitment\settings\base.py changed, reloading.
2021-01-12 15:49:45,259 django.utils.autoreload 617 INFO     Watching for file changes with StatReloader
2021-01-12 16:30:26,533 django.utils.autoreload 617 INFO     Watching for file changes with StatReloader
2021-01-12 16:30:30,124 django.security.SuspiciousSession 131 WARNING  Session data corrupted
2021-01-12 16:30:30,164 django.security.SuspiciousSession 131 WARNING  Session data corrupted
2021-01-12 16:30:33,558 django.security.SuspiciousSession 131 WARNING  Session data corrupted
2021-01-12 16:30:37,225 django.security.SuspiciousSession 131 WARNING  Session data corrupted
2021-01-12 16:30:37,568 django_python3_ldap.ldap 184 WARNING  LDAP bind failed: ('unable to open socket', [(LDAPSocketOpenError('socket connection error while opening: [WinError 10061] 由于目标计算机积极拒绝，无法连接。'), ('::1', 389, 0, 0)), (LDAPSocketOpenError('socket connection error while opening: [WinError 10061] 由于目标计算机积极拒绝，无法连接。'), ('127.0.0.1', 389))])
2021-01-12 16:30:37,568 django_python3_ldap.ldap 184 WARNING  LDAP bind failed: ('unable to open socket', [(LDAPSocketOpenError('socket connection error while opening: [WinError 10061] 由于目标计算机积极拒绝，无法连接。'), ('::1', 389, 0, 0)), (LDAPSocketOpenError('socket connection error while opening: [WinError 10061] 由于目标计算机积极拒绝，无法连接。'), ('127.0.0.1', 389))])
2021-01-12 16:30:41,232 django_python3_ldap.ldap 184 WARNING  LDAP bind failed: ('unable to open socket', [(LDAPSocketOpenError('socket connection error while opening: [WinError 10061] 由于目标计算机积极拒绝，无法连接。'), ('::1', 389, 0, 0)), (LDAPSocketOpenError('socket connection error while opening: [WinError 10061] 由于目标计算机积极拒绝，无法连接。'), ('127.0.0.1', 389))])
2021-01-12 16:30:41,232 django_python3_ldap.ldap 184 WARNING  LDAP bind failed: ('unable to open socket', [(LDAPSocketOpenError('socket connection error while opening: [WinError 10061] 由于目标计算机积极拒绝，无法连接。'), ('::1', 389, 0, 0)), (LDAPSocketOpenError('socket connection error while opening: [WinError 10061] 由于目标计算机积极拒绝，无法连接。'), ('127.0.0.1', 389))])
2021-01-12 16:31:25,247 django.utils.autoreload 617 INFO     Watching for file changes with StatReloader
2021-01-12 16:31:42,742 django.request 230 ERROR    Internal Server Error: /admin/interview/candidate/
Traceback (most recent call last):
  File "C:\Users\sqw12\.virtualenvs\Django_rapid_program-979I0A3D\lib\site-packages\django\core\handlers\exception.py", line 47, in inner
    response = get_response(request)
  File "C:\Users\sqw12\.virtualenvs\Django_rapid_program-979I0A3D\lib\site-packages\django\core\handlers\base.py", line 181, in _get_response
    response = wrapped_callback(request, *callback_args, **callback_kwargs)
  File "C:\Users\sqw12\.virtualenvs\Django_rapid_program-979I0A3D\lib\site-packages\django\contrib\admin\options.py", line 614, in wrapper
    return self.admin_site.admin_view(view)(*args, **kwargs)
  File "C:\Users\sqw12\.virtualenvs\Django_rapid_program-979I0A3D\lib\site-packages\django\utils\decorators.py", line 130, in _wrapped_view
    response = view_func(request, *args, **kwargs)
  File "C:\Users\sqw12\.virtualenvs\Django_rapid_program-979I0A3D\lib\site-packages\django\views\decorators\cache.py", line 44, in _wrapped_view_func
    response = view_func(request, *args, **kwargs)
  File "C:\Users\sqw12\.virtualenvs\Django_rapid_program-979I0A3D\lib\site-packages\django\contrib\admin\sites.py", line 233, in inner
    return view(request, *args, **kwargs)
  File "C:\Users\sqw12\.virtualenvs\Django_rapid_program-979I0A3D\lib\site-packages\django\utils\decorators.py", line 43, in _wrapper
    return bound_method(*args, **kwargs)
  File "C:\Users\sqw12\.virtualenvs\Django_rapid_program-979I0A3D\lib\site-packages\django\utils\decorators.py", line 130, in _wrapped_view
    response = view_func(request, *args, **kwargs)
  File "C:\Users\sqw12\.virtualenvs\Django_rapid_program-979I0A3D\lib\site-packages\django\contrib\admin\options.py", line 1719, in changelist_view
    response = self.response_action(request, queryset=cl.get_queryset(request))
  File "C:\Users\sqw12\.virtualenvs\Django_rapid_program-979I0A3D\lib\site-packages\django\contrib\admin\options.py", line 1402, in response_action
    response = func(self, request, queryset)
  File "D:\PythonProject\Django_rapid_program\recruitment\interview\admin.py", line 35, in notify_interviewer
    candidates += obj.name + ";"
AttributeError: 'Candidate' object has no attribute 'name'
2021-01-12 16:32:25,014 django.utils.autoreload 240 INFO     D:\PythonProject\Django_rapid_program\recruitment\interview\admin.py changed, reloading.
2021-01-12 16:32:26,089 django.utils.autoreload 617 INFO     Watching for file changes with StatReloader
2021-01-12 16:43:01,712 django_python3_ldap.ldap 181 INFO     LDAP connect succeeded
2021-01-12 16:43:01,712 django_python3_ldap.ldap 181 INFO     LDAP connect succeeded
2021-01-12 16:43:01,732 django_python3_ldap.ldap 76 INFO     LDAP user lookup succeeded
2021-01-12 16:43:01,732 django_python3_ldap.ldap 76 INFO     LDAP user lookup succeeded
2021-01-12 16:43:01,735 django_python3_ldap.ldap 76 INFO     LDAP user lookup succeeded
2021-01-12 16:43:01,735 django_python3_ldap.ldap 76 INFO     LDAP user lookup succeeded
2021-01-12 16:43:01,736 django_python3_ldap.ldap 76 INFO     LDAP user lookup succeeded
2021-01-12 16:43:01,736 django_python3_ldap.ldap 76 INFO     LDAP user lookup succeeded
2021-01-12 16:43:01,738 django_python3_ldap.ldap 76 INFO     LDAP user lookup succeeded
2021-01-12 16:43:01,738 django_python3_ldap.ldap 76 INFO     LDAP user lookup succeeded
2021-01-12 16:43:01,743 django_python3_ldap.ldap 76 INFO     LDAP user lookup succeeded
2021-01-12 16:43:01,743 django_python3_ldap.ldap 76 INFO     LDAP user lookup succeeded
2021-01-12 16:43:01,745 django_python3_ldap.ldap 76 INFO     LDAP user lookup succeeded
2021-01-12 16:43:01,745 django_python3_ldap.ldap 76 INFO     LDAP user lookup succeeded
2021-01-12 16:45:13,174 django.utils.autoreload 240 INFO     D:\PythonProject\Django_rapid_program\recruitment\settings\base.py changed, reloading.
2021-01-12 16:45:14,394 django.utils.autoreload 617 INFO     Watching for file changes with StatReloader
2021-01-12 16:45:55,028 django.utils.autoreload 240 INFO     D:\PythonProject\Django_rapid_program\recruitment\recruitment\urls.py changed, reloading.
2021-01-12 16:45:56,184 django.utils.autoreload 617 INFO     Watching for file changes with StatReloader
2021-01-12 16:46:23,713 django.utils.autoreload 240 INFO     D:\PythonProject\Django_rapid_program\recruitment\recruitment\urls.py changed, reloading.
2021-01-12 16:46:24,880 django.utils.autoreload 617 INFO     Watching for file changes with StatReloader
2021-01-12 16:47:44,381 django.request 230 WARNING  Not Found: /accounts/profile/
2021-01-12 16:47:54,710 django.request 230 WARNING  Not Found: /accounts/profile/
2021-01-12 16:48:22,914 django.request 230 WARNING  Not Found: /accounts/ register/
2021-01-12 16:48:56,432 django.utils.autoreload 240 INFO     D:\PythonProject\Django_rapid_program\recruitment\recruitment\urls.py changed, reloading.
2021-01-12 16:48:57,519 django.utils.autoreload 617 INFO     Watching for file changes with StatReloader
2021-01-12 16:49:04,049 django.request 230 WARNING  Not Found: /accounts/profile/
2021-01-12 16:49:25,149 django.request 230 WARNING  Not Found: /accounts/profile/
2021-01-12 16:50:32,735 django.utils.autoreload 240 INFO     D:\PythonProject\Django_rapid_program\recruitment\recruitment\urls.py changed, reloading.
2021-01-12 16:50:33,875 django.utils.autoreload 617 INFO     Watching for file changes with StatReloader
2021-01-12 16:50:34,118 django.request 230 WARNING  Not Found: /accounts/profile/
2021-01-12 16:50:48,323 django.request 230 WARNING  Not Found: /accounts/profile/
2021-01-12 16:53:11,239 django_python3_ldap.ldap 184 WARNING  LDAP bind failed: LDAPInvalidCredentialsResult - 49 - invalidCredentials - None - None - bindResponse - None
2021-01-12 16:53:11,239 django_python3_ldap.ldap 184 WARNING  LDAP bind failed: LDAPInvalidCredentialsResult - 49 - invalidCredentials - None - None - bindResponse - None
2021-01-12 16:53:12,427 django.request 230 WARNING  Not Found: /
2021-01-12 16:54:25,292 django.utils.autoreload 240 INFO     D:\PythonProject\Django_rapid_program\recruitment\settings\base.py changed, reloading.
2021-01-12 16:54:26,504 django.utils.autoreload 617 INFO     Watching for file changes with StatReloader
2021-01-12 16:55:36,474 django.utils.autoreload 240 INFO     D:\PythonProject\Django_rapid_program\recruitment\jobs\urls.py changed, reloading.
2021-01-12 16:55:37,600 django.utils.autoreload 617 INFO     Watching for file changes with StatReloader
2021-01-12 16:55:43,384 django.utils.autoreload 240 INFO     D:\PythonProject\Django_rapid_program\recruitment\jobs\urls.py changed, reloading.
2021-01-12 16:55:44,424 django.utils.autoreload 617 INFO     Watching for file changes with StatReloader
2021-01-12 16:56:17,434 django_python3_ldap.ldap 184 WARNING  LDAP bind failed: LDAPInvalidCredentialsResult - 49 - invalidCredentials - None - None - bindResponse - None
2021-01-12 16:56:17,434 django_python3_ldap.ldap 184 WARNING  LDAP bind failed: LDAPInvalidCredentialsResult - 49 - invalidCredentials - None - None - bindResponse - None
2021-01-12 16:56:26,378 django_python3_ldap.ldap 181 INFO     LDAP connect succeeded
2021-01-12 16:56:26,378 django_python3_ldap.ldap 181 INFO     LDAP connect succeeded
2021-01-12 16:56:26,387 django_python3_ldap.ldap 116 WARNING  LDAP user lookup failed
2021-01-12 16:56:26,387 django_python3_ldap.ldap 116 WARNING  LDAP user lookup failed
2021-01-12 16:58:21,191 django_python3_ldap.ldap 184 WARNING  LDAP bind failed: LDAPInvalidCredentialsResult - 49 - invalidCredentials - None - None - bindResponse - None
2021-01-12 16:58:21,191 django_python3_ldap.ldap 184 WARNING  LDAP bind failed: LDAPInvalidCredentialsResult - 49 - invalidCredentials - None - None - bindResponse - None
2021-01-12 17:06:52,630 django_python3_ldap.ldap 184 WARNING  LDAP bind failed: LDAPInvalidCredentialsResult - 49 - invalidCredentials - None - None - bindResponse - None
2021-01-12 17:06:52,630 django_python3_ldap.ldap 184 WARNING  LDAP bind failed: LDAPInvalidCredentialsResult - 49 - invalidCredentials - None - None - bindResponse - None
2021-01-12 17:07:28,476 django_python3_ldap.ldap 184 WARNING  LDAP bind failed: LDAPInvalidCredentialsResult - 49 - invalidCredentials - None - None - bindResponse - None
2021-01-12 17:07:28,476 django_python3_ldap.ldap 184 WARNING  LDAP bind failed: LDAPInvalidCredentialsResult - 49 - invalidCredentials - None - None - bindResponse - None
2021-01-12 17:09:02,105 django.utils.autoreload 240 INFO     D:\PythonProject\Django_rapid_program\recruitment\jobs\views.py changed, reloading.
2021-01-12 17:09:03,516 django.utils.autoreload 617 INFO     Watching for file changes with StatReloader
2021-01-12 17:09:11,685 django.utils.autoreload 240 INFO     D:\PythonProject\Django_rapid_program\recruitment\jobs\views.py changed, reloading.
2021-01-12 17:09:13,076 django.utils.autoreload 617 INFO     Watching for file changes with StatReloader
2021-01-12 17:09:24,342 django.utils.autoreload 240 INFO     D:\PythonProject\Django_rapid_program\recruitment\jobs\views.py changed, reloading.
2021-01-12 17:09:25,572 django.utils.autoreload 617 INFO     Watching for file changes with StatReloader
2021-01-12 17:10:44,317 django_python3_ldap.ldap 184 WARNING  LDAP bind failed: LDAPInvalidCredentialsResult - 49 - invalidCredentials - None - None - bindResponse - None
2021-01-12 17:10:44,317 django_python3_ldap.ldap 184 WARNING  LDAP bind failed: LDAPInvalidCredentialsResult - 49 - invalidCredentials - None - None - bindResponse - None
2021-01-12 17:11:24,532 django.utils.autoreload 240 INFO     D:\PythonProject\Django_rapid_program\recruitment\jobs\models.py changed, reloading.
2021-01-12 17:11:25,842 django.utils.autoreload 617 INFO     Watching for file changes with StatReloader
2021-01-12 17:16:51,845 django.utils.autoreload 240 INFO     D:\PythonProject\Django_rapid_program\recruitment\jobs\models.py changed, reloading.
2021-01-12 17:16:52,967 django.utils.autoreload 617 INFO     Watching for file changes with StatReloader
2021-01-12 17:20:52,434 django.utils.autoreload 240 INFO     D:\PythonProject\Django_rapid_program\recruitment\jobs\models.py changed, reloading.
2021-01-12 17:20:53,588 django.utils.autoreload 617 INFO     Watching for file changes with StatReloader
2021-01-12 17:23:26,978 django.utils.autoreload 240 INFO     D:\PythonProject\Django_rapid_program\recruitment\jobs\admin.py changed, reloading.
2021-01-12 17:23:28,249 django.utils.autoreload 617 INFO     Watching for file changes with StatReloader
2021-01-12 17:25:21,416 django.utils.autoreload 240 INFO     D:\PythonProject\Django_rapid_program\recruitment\jobs\admin.py changed, reloading.
2021-01-12 17:25:22,869 django.utils.autoreload 617 INFO     Watching for file changes with StatReloader
2021-01-12 17:26:53,668 django.utils.autoreload 240 INFO     D:\PythonProject\Django_rapid_program\recruitment\jobs\admin.py changed, reloading.
2021-01-12 17:26:54,918 django.utils.autoreload 617 INFO     Watching for file changes with StatReloader
2021-01-12 17:28:01,416 django.utils.autoreload 240 INFO     D:\PythonProject\Django_rapid_program\recruitment\jobs\admin.py changed, reloading.
2021-01-12 17:28:02,679 django.utils.autoreload 617 INFO     Watching for file changes with StatReloader
2021-01-12 17:29:18,946 django.utils.autoreload 240 INFO     D:\PythonProject\Django_rapid_program\recruitment\jobs\admin.py changed, reloading.
2021-01-12 17:29:20,205 django.utils.autoreload 617 INFO     Watching for file changes with StatReloader
2021-01-12 17:29:53,156 django.utils.autoreload 240 INFO     D:\PythonProject\Django_rapid_program\recruitment\jobs\admin.py changed, reloading.
2021-01-12 17:29:54,222 django.utils.autoreload 617 INFO     Watching for file changes with StatReloader
2021-01-12 17:30:15,281 django.utils.autoreload 240 INFO     D:\PythonProject\Django_rapid_program\recruitment\jobs\admin.py changed, reloading.
2021-01-12 17:30:16,441 django.utils.autoreload 617 INFO     Watching for file changes with StatReloader
2021-01-12 17:31:12,147 django.utils.autoreload 240 INFO     D:\PythonProject\Django_rapid_program\recruitment\jobs\admin.py changed, reloading.
2021-01-12 17:31:13,605 django.utils.autoreload 617 INFO     Watching for file changes with StatReloader
2021-01-12 17:31:42,075 django.utils.autoreload 240 INFO     D:\PythonProject\Django_rapid_program\recruitment\jobs\admin.py changed, reloading.
2021-01-12 17:31:43,212 django.utils.autoreload 617 INFO     Watching for file changes with StatReloader
2021-01-12 17:32:16,447 django.utils.autoreload 240 INFO     D:\PythonProject\Django_rapid_program\recruitment\jobs\admin.py changed, reloading.
2021-01-12 17:32:17,662 django.utils.autoreload 617 INFO     Watching for file changes with StatReloader
2021-01-12 17:33:27,221 django.utils.autoreload 240 INFO     D:\PythonProject\Django_rapid_program\recruitment\jobs\admin.py changed, reloading.
2021-01-12 17:33:28,299 django.utils.autoreload 617 INFO     Watching for file changes with StatReloader
2021-01-12 17:33:45,838 django.utils.autoreload 240 INFO     D:\PythonProject\Django_rapid_program\recruitment\jobs\admin.py changed, reloading.
2021-01-12 17:33:46,914 django.utils.autoreload 617 INFO     Watching for file changes with StatReloader
2021-01-12 17:34:10,950 django.utils.autoreload 240 INFO     D:\PythonProject\Django_rapid_program\recruitment\jobs\admin.py changed, reloading.
2021-01-12 17:34:12,040 django.utils.autoreload 617 INFO     Watching for file changes with StatReloader
2021-01-12 17:34:48,196 django.utils.autoreload 240 INFO     D:\PythonProject\Django_rapid_program\recruitment\jobs\admin.py changed, reloading.
2021-01-12 17:34:49,233 django.utils.autoreload 617 INFO     Watching for file changes with StatReloader
2021-01-12 17:35:11,075 django.utils.autoreload 240 INFO     D:\PythonProject\Django_rapid_program\recruitment\jobs\admin.py changed, reloading.
2021-01-12 17:35:12,145 django.utils.autoreload 617 INFO     Watching for file changes with StatReloader
2021-01-12 17:36:22,511 django.utils.autoreload 240 INFO     D:\PythonProject\Django_rapid_program\recruitment\jobs\admin.py changed, reloading.
2021-01-12 17:36:23,651 django.utils.autoreload 617 INFO     Watching for file changes with StatReloader
2021-01-12 17:37:00,613 django.utils.autoreload 240 INFO     D:\PythonProject\Django_rapid_program\recruitment\jobs\admin.py changed, reloading.
2021-01-12 17:37:01,790 django.utils.autoreload 617 INFO     Watching for file changes with StatReloader
2021-01-12 17:37:53,504 django_python3_ldap.ldap 181 INFO     LDAP connect succeeded
2021-01-12 17:37:53,504 django_python3_ldap.ldap 181 INFO     LDAP connect succeeded
2021-01-12 17:37:53,513 django_python3_ldap.ldap 116 WARNING  LDAP user lookup failed
2021-01-12 17:37:53,513 django_python3_ldap.ldap 116 WARNING  LDAP user lookup failed
2021-01-12 17:38:08,012 django_python3_ldap.ldap 181 INFO     LDAP connect succeeded
2021-01-12 17:38:08,012 django_python3_ldap.ldap 181 INFO     LDAP connect succeeded
2021-01-12 17:38:08,118 django_python3_ldap.ldap 76 INFO     LDAP user lookup succeeded
2021-01-12 17:38:08,118 django_python3_ldap.ldap 76 INFO     LDAP user lookup succeeded
2021-01-12 17:38:24,304 django_python3_ldap.ldap 184 WARNING  LDAP bind failed: LDAPInvalidCredentialsResult - 49 - invalidCredentials - None - None - bindResponse - None
2021-01-12 17:38:24,304 django_python3_ldap.ldap 184 WARNING  LDAP bind failed: LDAPInvalidCredentialsResult - 49 - invalidCredentials - None - None - bindResponse - None
2021-01-12 17:38:37,242 django_python3_ldap.ldap 181 INFO     LDAP connect succeeded
2021-01-12 17:38:37,242 django_python3_ldap.ldap 181 INFO     LDAP connect succeeded
2021-01-12 17:38:37,353 django_python3_ldap.ldap 76 INFO     LDAP user lookup succeeded
2021-01-12 17:38:37,353 django_python3_ldap.ldap 76 INFO     LDAP user lookup succeeded
2021-01-12 17:39:03,945 django_python3_ldap.ldap 181 INFO     LDAP connect succeeded
2021-01-12 17:39:03,945 django_python3_ldap.ldap 181 INFO     LDAP connect succeeded
2021-01-12 17:39:03,952 django_python3_ldap.ldap 116 WARNING  LDAP user lookup failed
2021-01-12 17:39:03,952 django_python3_ldap.ldap 116 WARNING  LDAP user lookup failed
2021-01-12 17:39:27,456 django_python3_ldap.ldap 181 INFO     LDAP connect succeeded
2021-01-12 17:39:27,456 django_python3_ldap.ldap 181 INFO     LDAP connect succeeded
2021-01-12 17:39:27,554 django_python3_ldap.ldap 76 INFO     LDAP user lookup succeeded
2021-01-12 17:39:27,554 django_python3_ldap.ldap 76 INFO     LDAP user lookup succeeded
2021-01-12 17:40:50,352 django_python3_ldap.ldap 181 INFO     LDAP connect succeeded
2021-01-12 17:40:50,352 django_python3_ldap.ldap 181 INFO     LDAP connect succeeded
2021-01-12 17:40:50,360 django_python3_ldap.ldap 116 WARNING  LDAP user lookup failed
2021-01-12 17:40:50,360 django_python3_ldap.ldap 116 WARNING  LDAP user lookup failed
2021-01-12 17:40:54,043 django.request 230 ERROR    Internal Server Error: /admin/jobs/resume/add/
Traceback (most recent call last):
  File "C:\Users\sqw12\.virtualenvs\Django_rapid_program-979I0A3D\lib\site-packages\django\contrib\admin\options.py", line 709, in get_form
    return modelform_factory(self.model, **defaults)
  File "C:\Users\sqw12\.virtualenvs\Django_rapid_program-979I0A3D\lib\site-packages\django\forms\models.py", line 555, in modelform_factory
    return type(form)(class_name, (form,), form_class_attrs)
  File "C:\Users\sqw12\.virtualenvs\Django_rapid_program-979I0A3D\lib\site-packages\django\forms\models.py", line 268, in __new__
    raise FieldError(message)
django.core.exceptions.FieldError: Unknown field(s) (application) specified for Resume

During handling of the above exception, another exception occurred:

Traceback (most recent call last):
  File "C:\Users\sqw12\.virtualenvs\Django_rapid_program-979I0A3D\lib\site-packages\django\core\handlers\exception.py", line 47, in inner
    response = get_response(request)
  File "C:\Users\sqw12\.virtualenvs\Django_rapid_program-979I0A3D\lib\site-packages\django\core\handlers\base.py", line 181, in _get_response
    response = wrapped_callback(request, *callback_args, **callback_kwargs)
  File "C:\Users\sqw12\.virtualenvs\Django_rapid_program-979I0A3D\lib\site-packages\django\contrib\admin\options.py", line 614, in wrapper
    return self.admin_site.admin_view(view)(*args, **kwargs)
  File "C:\Users\sqw12\.virtualenvs\Django_rapid_program-979I0A3D\lib\site-packages\django\utils\decorators.py", line 130, in _wrapped_view
    response = view_func(request, *args, **kwargs)
  File "C:\Users\sqw12\.virtualenvs\Django_rapid_program-979I0A3D\lib\site-packages\django\views\decorators\cache.py", line 44, in _wrapped_view_func
    response = view_func(request, *args, **kwargs)
  File "C:\Users\sqw12\.virtualenvs\Django_rapid_program-979I0A3D\lib\site-packages\django\contrib\admin\sites.py", line 233, in inner
    return view(request, *args, **kwargs)
  File "C:\Users\sqw12\.virtualenvs\Django_rapid_program-979I0A3D\lib\site-packages\django\contrib\admin\options.py", line 1653, in add_view
    return self.changeform_view(request, None, form_url, extra_context)
  File "C:\Users\sqw12\.virtualenvs\Django_rapid_program-979I0A3D\lib\site-packages\django\utils\decorators.py", line 43, in _wrapper
    return bound_method(*args, **kwargs)
  File "C:\Users\sqw12\.virtualenvs\Django_rapid_program-979I0A3D\lib\site-packages\django\utils\decorators.py", line 130, in _wrapped_view
    response = view_func(request, *args, **kwargs)
  File "C:\Users\sqw12\.virtualenvs\Django_rapid_program-979I0A3D\lib\site-packages\django\contrib\admin\options.py", line 1534, in changeform_view
    return self._changeform_view(request, object_id, form_url, extra_context)
  File "C:\Users\sqw12\.virtualenvs\Django_rapid_program-979I0A3D\lib\site-packages\django\contrib\admin\options.py", line 1569, in _changeform_view
    request, obj, change=not add, fields=flatten_fieldsets(fieldsets)
  File "C:\Users\sqw12\.virtualenvs\Django_rapid_program-979I0A3D\lib\site-packages\django\contrib\admin\options.py", line 713, in get_form
    % (e, self.__class__.__name__)
django.core.exceptions.FieldError: Unknown field(s) (application) specified for Resume. Check fields/fieldsets/exclude attributes of class ResumeAdmin.
2021-01-12 17:41:58,760 django.utils.autoreload 240 INFO     D:\PythonProject\Django_rapid_program\recruitment\jobs\admin.py changed, reloading.
2021-01-12 17:41:59,844 django.utils.autoreload 617 INFO     Watching for file changes with StatReloader
2021-01-12 17:42:30,651 django.utils.autoreload 240 INFO     D:\PythonProject\Django_rapid_program\recruitment\jobs\admin.py changed, reloading.
2021-01-12 17:42:31,647 django.utils.autoreload 617 INFO     Watching for file changes with StatReloader
